<?xml version="1.0" encoding="UTF-8"?>
<!-- Generated by org.testng.reporters.JUnitXMLReporter -->
<testsuite ignored="0" hostname="DESKTOP-3NMPPQ6" failures="1" tests="1" name="Test" time="9.082" errors="0" timestamp="2023-12-29T00:46:14 GMT-08:00">
  <testcase classname="tests.OneTest" name="firsttest" time="8.669">
    <failure type="java.lang.AssertionError" message="expected [true] but found [false]">
      <![CDATA[java.lang.AssertionError: expected [true] but found [false]
at tests.OneTest.firsttest(OneTest.java:21)
at java.base/java.util.ArrayList.forEach(ArrayList.java:1511)
... Removed 31 stack frames]]>
    </failure>
  </testcase> <!-- firsttest -->
</testsuite> <!-- Test -->
